WARNING: HOST <tux-47> DOES NOT APPEAR TO BE A CADENCE SUPPORTED LINUX CONFIGURATION.
         For More Info,  Please Run '<cdsroot>/tools.lnx86/bin/checkSysConf' <productId>.

Virtuoso Framework License (111) was checked out successfully. Total checkout time was 0.06s.
*WARNING* LIB basic from File /cae/apps/data/cadence-2013/NCSU/installs/ncsu-cdk-1.6.0.beta/cdssetup/cds.lib Line 2 redefines
LIB basic from File /cae/apps/data/cadence-2013/installs/IC616/tools.lnx86/dfII/etc/cdsDotLibs/composer/cds.lib
Insert UNDEFINE basic
before DEFINE basic
    in /cae/apps/data/cadence-2013/NCSU/installs/ncsu-cdk-1.6.0.beta/cdssetup/cds.lib
Or remove or comment out DEFINE basic
    in /cae/apps/data/cadence-2013/installs/IC616/tools.lnx86/dfII/etc/cdsDotLibs/composer/cds.lib
to suppress this warning message.
*WARNING* (icLic-3) Could not get license Virtuoso_Layout_Suite_L
*WARNING* (icLic-21) License Virtuoso_Layout_Suite_L ("Layout L") is not available to run Layout L.
Trying to check out the license Virtuoso_Layout_Suite_XL ("Layout XL") instead.
*WARNING* (icLic-3) Could not get license Virtuoso_Layout_Suite_XL
*WARNING* (icLic-21) License Virtuoso_Layout_Suite_XL ("Layout XL") is not available to run Layout L.
Trying to check out the license Virtuoso_Layout_Suite_GXL ("Layout GXL") instead.
*INFO* (icLic-25) License Virtuoso_Layout_Suite_GXL ("Layout GXL") was used to run Layout L.

Running simulation in directory: "/userspace/d/dwortmann/Desktop/ece555/cadence/LVS".

*WARNING* (loadContext): could not restore method, undefined generic _parModeOnPreCreateHistory _mspsModeExt

*WARNING* (loadContext): could not restore method, undefined generic _parModeOnPreRun _mspsModeExt

*WARNING* (loadContext): could not restore method, undefined generic _parModeOnExit _mspsModeExt

*WARNING* (loadContext): could not restore method, undefined generic _parModeOnEntry _mspsModeExt

*WARNING* (loadContext): could not restore method, undefined generic _parModeAllowSwitch _mspsModeExt

*WARNING* (loadContext): could not restore method, undefined generic _parModeSetup _mspsModeExt

*WARNING* (loadContext): could not restore method, undefined generic _parModeSetParView _mspsModeExt

*WARNING* (loadContext): could not restore method, undefined generic _parModeSetSchView _mspsModeExt

*WARNING* (loadContext): could not restore method, undefined generic _parModeGetParView _mspsModeExt

*WARNING* (loadContext): could not restore method, undefined generic _parModeGetSchView _mspsModeExt

*WARNING* (loadContext): could not restore method, undefined generic _parModeBuildParViewHelp _mspsModeExt

*WARNING* (loadContext): could not restore method, undefined generic _parModeBuildParView _mspsModeExt

*WARNING* (loadContext): could not restore method, undefined generic _parModeLayUseEst _mspsModeLay

*WARNING* (loadContext): could not restore method, undefined generic _parModeLayUseSpef _mspsModeLay

*WARNING* (loadContext): could not restore method, undefined generic _parModeBuildEst _mspsModeLay

*WARNING* (loadContext): could not restore method, undefined generic _parModeBuildParView _mspsModeLay

*WARNING* (loadContext): could not restore method, undefined generic _parModeGetFingerNames _mspsModeLay

*WARNING* (loadContext): could not restore method, undefined generic _parModeGetMfactorNames _mspsModeLay

*WARNING* (loadContext): could not restore method, undefined generic _parModeGetLdeTool _mspsModeLay

*WARNING* (loadContext): could not restore method, undefined generic _parModeGetLdeSource _mspsModeLay

*WARNING* (loadContext): could not restore method, undefined generic _parModeGetCorner _mspsModeLay

*WARNING* (loadContext): could not restore method, undefined generic _parModeGetLayout _mspsModeLay

*WARNING* (loadContext): could not restore method, undefined generic _parModeGetIgnoreDummy _mspsModeLay

*WARNING* (loadContext): could not restore method, undefined generic _parModeGetExpandSchDevices _mspsModeLay

*WARNING* (loadContext): could not restore method, undefined generic _parModeGetIncludeLdeParameters _mspsModeLay

*WARNING* (loadContext): could not restore method, undefined generic _parModeGetIncludeLayParasitics _mspsModeLay

*WARNING* (loadContext): could not restore method, undefined generic _parModeGetIncludeSchEstimates _mspsModeLay

*WARNING* (loadContext): could not restore method, undefined generic _parModeSetup _mspsModeLay

*WARNING* (loadContext): could not restore method, undefined generic _parModeSetParView _mspsModeLay

*WARNING* (loadContext): could not restore method, undefined generic _parModeSetSchView _mspsModeLay

*WARNING* (loadContext): could not restore method, undefined generic _parModeGetParView _mspsModeLay

*WARNING* (loadContext): could not restore method, undefined generic _parModeGetSchView _mspsModeLay

*WARNING* (loadContext): could not restore method, undefined generic _parModeBuildEst _mspsModeSchEst

*WARNING* (loadContext): could not restore method, undefined generic _parModeBuildParView _mspsModeSchEst

*WARNING* (loadContext): could not restore method, undefined generic _parModeGetFingerNames _mspsModeSchEst

*WARNING* (loadContext): could not restore method, undefined generic _parModeGetMfactorNames _mspsModeSchEst

*WARNING* (loadContext): could not restore method, undefined generic _parModeGetLdeTool _mspsModeSchEst

*WARNING* (loadContext): could not restore method, undefined generic _parModeGetLdeSource _mspsModeSchEst

*WARNING* (loadContext): could not restore method, undefined generic _parModeGetIncludeSchEstimates _mspsModeSchEst

*WARNING* (loadContext): could not restore method, undefined generic _parModeAllowSwitch _mspsModeSchEst

*WARNING* (loadContext): could not restore method, undefined generic _parModeSetup _mspsModeSchEst

*WARNING* (loadContext): could not restore method, undefined generic _parModeSetParView _mspsModeSchEst

*WARNING* (loadContext): could not restore method, undefined generic _parModeSetSchView _mspsModeSchEst

*WARNING* (loadContext): could not restore method, undefined generic _parModeGetParView _mspsModeSchEst

*WARNING* (loadContext): could not restore method, undefined generic _parModeGetSchView _mspsModeSchEst

*WARNING* (loadContext): could not restore method, undefined generic _parEstBuildViewName _mspsEstBuild

*WARNING* (loadContext): could not restore method, undefined generic _parEstBuildCellName _mspsEstBuild

*WARNING* (loadContext): could not restore method, undefined generic _parEstBuildLibName _mspsEstBuild

*WARNING* (loadContext): could not restore method, undefined generic _parMsgReport _mspsMsgReporter

*WARNING* LIB basic from File /cae/apps/data/cadence-2013/NCSU/installs/ncsu-cdk-1.6.0.beta/cdssetup/cds.lib Line 2 redefines
LIB basic from File /cae/apps/data/cadence-2013/installs/IC616/tools.lnx86/dfII/etc/cdsDotLibs/composer/cds.lib
Insert UNDEFINE basic
before DEFINE basic
    in /cae/apps/data/cadence-2013/NCSU/installs/ncsu-cdk-1.6.0.beta/cdssetup/cds.lib
Or remove or comment out DEFINE basic
    in /cae/apps/data/cadence-2013/installs/IC616/tools.lnx86/dfII/etc/cdsDotLibs/composer/cds.lib
to suppress this warning message.


Begin netlist:    Dec 12 17:52:16 2014
	view name list	= ("auLvs" "extracted" "schematic")
	stop name list	= ("auLvs")
	library name	= "ECE555"
	cell name	= "project_pulseLatch"
	view name	= "extracted"
	globals lib	= "basic"
Running Artist Flat Netlisting ...
*WARNING* Parameter 'lxUseCell' already exists.
*Error* WARNING: HOST <tux-47> DOES NOT APPEAR TO BE A CADENCE SUPPORTED LINUX CONFIGURATION.

*Error*          For More Info,  Please Run '<cdsroot>/tools.lnx86/bin/checkSysConf' <productId>.

*Error* 

*Error*  in modelPath: 
 -Y/userspace/d/dwortmann/Desktop/ece555/cadence/LVS/layout


End netlist:    Dec 12 17:52:16 2014
WARNING: HOST <tux-47> DOES NOT APPEAR TO BE A CADENCE SUPPORTED LINUX CONFIGURATION.
         For More Info,  Please Run '<cdsroot>/tools.lnx86/bin/checkSysConf' <productId>.


Moving original netlist to extNetlist
Removing parasitic components from netlist
	presistors removed:  0
	pcapacitors removed: 0
	pinductors removed:  0
	pdiodes removed:     0
	trans lines removed: 0
	12 nodes merged into 12 nodes


Begin netlist:    Dec 12 17:52:16 2014
	view name list	= ("auLvs" "schematic")
	stop name list	= ("auLvs")
	library name	= "ECE555"
	cell name	= "project_pulseLatch"
	view name	= "schematic"
	globals lib	= "basic"
Running Artist Flat Netlisting ...
*WARNING* (icLic-3) Could not get license Virtuoso_Layout_Suite_L
*WARNING* (icLic-21) License Virtuoso_Layout_Suite_L ("Layout L") is not available to run Layout L.
Trying to check out the license Virtuoso_Layout_Suite_XL ("Layout XL") instead.
*WARNING* (icLic-3) Could not get license Virtuoso_Layout_Suite_XL
*WARNING* (icLic-21) License Virtuoso_Layout_Suite_XL ("Layout XL") is not available to run Layout L.
Trying to check out the license Virtuoso_Layout_Suite_GXL ("Layout GXL") instead.
*INFO* (icLic-25) License Virtuoso_Layout_Suite_GXL ("Layout GXL") was used to run Layout L.
*Error* WARNING: HOST <tux-47> DOES NOT APPEAR TO BE A CADENCE SUPPORTED LINUX CONFIGURATION.

*Error*          For More Info,  Please Run '<cdsroot>/tools.lnx86/bin/checkSysConf' <productId>.

*Error* 

*Error*  in modelPath: 
 -Y/userspace/d/dwortmann/Desktop/ece555/cadence/LVS/schematic


End netlist:    Dec 12 17:52:17 2014
WARNING: HOST <tux-47> DOES NOT APPEAR TO BE A CADENCE SUPPORTED LINUX CONFIGURATION.
         For More Info,  Please Run '<cdsroot>/tools.lnx86/bin/checkSysConf' <productId>.


Moving original netlist to extNetlist
Removing parasitic components from netlist
	presistors removed:  0
	pcapacitors removed: 0
	pinductors removed:  0
	pdiodes removed:     0
	trans lines removed: 0
	28 nodes merged into 28 nodes

Running netlist comparison program:  LVS
Begin comparison:    Dec 12 17:52:17 2014
WARNING: HOST <tux-47> DOES NOT APPEAR TO BE A CADENCE SUPPORTED LINUX CONFIGURATION.
         For More Info,  Please Run '<cdsroot>/tools.lnx86/bin/checkSysConf' <productId>.

@(#)$CDS: LVS version 6.1.6-64b 07/05/2013 16:09 (sjfnl165) $

The net-lists match.

                             layout  schematic
                                instances
        un-matched              0       0      
        rewired                 0       0      
        size errors             0       0      
        pruned                  0       0      
        active                  16      16     
        total                   16      16     

                                  nets
        un-matched              0       0      
        merged                  0       0      
        pruned                  0       0      
        active                  12      12     
        total                   12      12     

                                terminals
        un-matched              0       0      
        matched but
        different type          0       0      
        total                   6       6      
End comparison:      Dec 12 17:52:17 2014
*WARNING* (icLic-3) Could not get license Virtuoso_Layout_Suite_L
*WARNING* (icLic-21) License Virtuoso_Layout_Suite_L ("Layout L") is not available to run Layout L.
Trying to check out the license Virtuoso_Layout_Suite_XL ("Layout XL") instead.
*WARNING* (icLic-3) Could not get license Virtuoso_Layout_Suite_XL
*WARNING* (icLic-21) License Virtuoso_Layout_Suite_XL ("Layout XL") is not available to run Layout L.
Trying to check out the license Virtuoso_Layout_Suite_GXL ("Layout GXL") instead.
*INFO* (icLic-25) License Virtuoso_Layout_Suite_GXL ("Layout GXL") was used to run Layout L.


Comparison program completed successfully.
