@(#)$CDS: LVS version 6.1.6-64b 07/05/2013 16:09 (sjfnl165) $

Command line: /cae/apps/data/cadence-2013/installs/IC616/tools.lnx86/dfII/bin/64bit/LVS -dir /userspace/d/dwortmann/Desktop/ece555/cadence/LVS -l -s -f -t /userspace/d/dwortmann/Desktop/ece555/cadence/LVS/layout /userspace/d/dwortmann/Desktop/ece555/cadence/LVS/schematic
Like matching is enabled.
Net swapping is enabled.
Fixed device checking is enabled.
Using terminal names as correspondence points.
Compiling Diva LVS rules...

    Net-list summary for /userspace/d/dwortmann/Desktop/ece555/cadence/LVS/layout/netlist
       count
        12              nets
        6               terminals
        8               pmos
        8               nmos

    Net-list summary for /userspace/d/dwortmann/Desktop/ece555/cadence/LVS/schematic/netlist
       count
        12              nets
        6               terminals
        8               pmos
        8               nmos


    Terminal correspondence points
    N9        N3        D
    N8        N2        EN
    N7        N8        Q
    N11       N5        rst_n
    N10       N0        vdd!
    N6        N1        vss!

Devices in the rules but not in the netlist:
        cap nfet pfet nmos4 pmos4

The net-lists match.

                             layout  schematic
                                instances
        un-matched              0       0      
        rewired                 0       0      
        size errors             0       0      
        pruned                  0       0      
        active                  16      16     
        total                   16      16     

                                  nets
        un-matched              0       0      
        merged                  0       0      
        pruned                  0       0      
        active                  12      12     
        total                   12      12     

                                terminals
        un-matched              0       0      
        matched but
        different type          0       0      
        total                   6       6      


Probe files from /userspace/d/dwortmann/Desktop/ece555/cadence/LVS/schematic

devbad.out:

netbad.out:

mergenet.out:

termbad.out:

prunenet.out:

prunedev.out:

audit.out:


Probe files from /userspace/d/dwortmann/Desktop/ece555/cadence/LVS/layout

devbad.out:

netbad.out:

mergenet.out:

termbad.out:

prunenet.out:

prunedev.out:

audit.out:
